<?xml version="1.0" encoding="UTF-8"?>
<!-- Generated by org.testng.reporters.JUnitReportReporter -->
<testsuite name="Myfirsrt_java" tests="1" time="11.757" ignored="0" failures="0" timestamp="14 Apr 2017 17:51:02 GMT" skipped="0" hostname="NANI" errors="0">
  <testcase name="Logincheck" time="11.757" classname="Myfirsrt_java"/>
</testsuite> <!-- Myfirsrt_java -->
