<?xml version="1.0" encoding="UTF-8"?>
<!-- Generated by org.testng.reporters.JUnitReportReporter -->
<testsuite name="nani.Myfirsrt_java" tests="1" time="16.054" ignored="0" failures="0" timestamp="17 Apr 2017 14:35:26 GMT" skipped="0" hostname="NANI" errors="0">
  <testcase name="Logincheck" time="16.054" classname="nani.Myfirsrt_java"/>
</testsuite> <!-- nani.Myfirsrt_java -->
